e:\hk7\game\metroid\metroid\debug\vc141.pdb
e:\hk7\game\metroid\metroid\debug\vc141.idb
e:\hk7\game\metroid\metroid\debug\caudio.obj
e:\hk7\game\metroid\metroid\debug\cbackground.obj
e:\hk7\game\metroid\metroid\debug\ccamera.obj
e:\hk7\game\metroid\metroid\debug\csprite.obj
e:\hk7\game\metroid\metroid\debug\ctext.obj
e:\hk7\game\metroid\metroid\debug\ctexture.obj
e:\hk7\game\metroid\metroid\debug\dsutil.obj
e:\hk7\game\metroid\metroid\debug\game.obj
e:\hk7\game\metroid\metroid\debug\global.obj
e:\hk7\game\metroid\metroid\debug\main.obj
e:\hk7\game\metroid\metroid\debug\scenemain.obj
e:\hk7\game\metroid\metroid\debug\tile.obj
e:\hk7\game\metroid\debug\metroid.pdb
e:\hk7\game\metroid\metroid\debug\metroid.tlog\cl.command.1.tlog
e:\hk7\game\metroid\metroid\debug\metroid.tlog\cl.read.1.tlog
e:\hk7\game\metroid\metroid\debug\metroid.tlog\cl.write.1.tlog
e:\hk7\game\metroid\metroid\debug\metroid.tlog\link-cvtres.read.1.tlog
e:\hk7\game\metroid\metroid\debug\metroid.tlog\link-cvtres.write.1.tlog
e:\hk7\game\metroid\metroid\debug\metroid.tlog\link-rc.read.1.tlog
e:\hk7\game\metroid\metroid\debug\metroid.tlog\link-rc.write.1.tlog
e:\hk7\game\metroid\metroid\debug\metroid.tlog\link.command.1.tlog
e:\hk7\game\metroid\metroid\debug\metroid.tlog\link.read.1.tlog
e:\hk7\game\metroid\metroid\debug\metroid.tlog\link.write.1.tlog
